검색 키워드: 2023년 대전시 부동산 정책 개발계획 발표
검색 시간: 2025-04-27 16:24:47

====== 생성된 응답에서 참조된 URL 및 출처 분석 ======

1. 참조된 URL:
[URL 1] https://www.daejeon.go.kr/daejeon/board/boardView.do?boardId=BOARD_ID&menuSeq=MENU_SEQ&searchType=searchType&searchKeyword=searchKeyword&searchStartDate=searchStartDate&searchEndDate=searchEndDate&searchStatus=searchStatus&searchCategory=searchCategory&searchFile=searchFile&searchFileName=searchFileName&searchFileType=searchFileType&searchFileSize=searchFileSize&searchFileExt=searchFileExt&searchFileDate=searchFileDate&searchFileTime=searchFileTime&searchFileSize=searchFileSize&searchFileExt=searchFileExt&searchFileDate=searchFileDate&searchFileTime=searchFileTime&searchFileSize=searchFileSize&searchFileExt=searchFileExt&searchFileDate=searchFileDate&searchFileTime=searchFileTime&searchFileSize=searchFileSize&searchFileExt=searchFileExt&searchFileDate=searchFileDate&searchFileTime=searchFileTime&searchFileSize=searchFileSize&searchFileExt=searchFileExt&searchFileDate=searchFileDate&searchFileTime=searchFileTime&searchFileSize=searchFileSize&searchFileExt=searchFileExt&searchFileDate=searchFileDate&searchFileTime=searchFileTime&searchFileSize=searchFileSize&searchFileExt=searchFileExt&searchFileDate=searchFileDate&searchFileTime=searchFileTime&searchFileSize=searchFileSize&searchFileExt=searchFileExt&searchFileDate=searchFileDate&searchFileTime=searchFileTime&searchFileSize=searchFileSize&searchFileExt=searchFileExt&searchFileDate=searchFileDate&searchFileTime=searchFileTime&searchFileSize=searchFileSize&searchFileExt=searchFileExt&searchFileDate=searchFileDate&searchFileTime=searchFileTime&searchFileSize=searchFileSize&searchFileExt=searchFileExt&searchFileDate=searchFileDate&searchFileTime=searchFileTime&searchFileSize=searchFileSize&searchFileExt=searchFileExt&searchFileDate=searchFileDate&searchFileTime=searchFileTime&searchFileSize=searchFileSize&searchFileExt=searchFileExt&searchFileDate=searchFileDate&searchFileTime=searchFileTime&searchFileSize=searchFileSize&searchFileExt=searchFileExt&searchFileDate=searchFileDate&searchFileTime=searchFileTime&searchFileSize=searchFileSize&searchFileExt=searchFileExt&searchFileDate=searchFileDate&searchFileTime=searchFileTime&searchFileSize=searchFileSize&searchFileExt=searchFileExt&searchFileDate=searchFileDate&searchFileTime=searchFileTime&searchFileSize=searchFileSize&searchFileExt=searchFileExt&searchFileDate=searchFileDate&searchFileTime=searchFileTime&searchFileSize=searchFileSize&searchFileExt=searchFileExt&searchFileDate=searchFileDate&searchFileTime=searchFileTime&searchFileSize=searchFileSize&searchFileExt=searchFileExt&searchFileDate=searchFileDate&searchFileTime=searchFileTime&searchFileSize=searchFileSize&searchFileExt=searchFileExt&searchFileDate=searchFileDate&searchFileTime=searchFileTime&searchFileSize=searchFileSize&searchFileExt=searchFileExt&searchFileDate=searchFileDate&searchFileTime=searchFileTime&searchFileSize=searchFileSize&searchFileExt=searchFileExt&searchFileDate=searchFileDate&searchFileTime=searchFileTime&searchFileSize=searchFileSize&searchFileExt=searchFileExt&searchFileDate=searchFileDate&searchFileTime=searchFileTime&searchFileSize=searchFileSize&searchFileExt=searchFileExt&searchFileDate=searchFileDate&searchFileTime=searchFileTime&searchFileSize=searchFileSize&searchFileExt=searchFileExt&searchFileDate=searchFileDate&searchFileTime=searchFileTime&searchFileSize=searchFileSize&searchFileExt=searchFileExt&searchFileDate=searchFileDate&searchFileTime=searchFileTime&searchFileSize=searchFileSize&searchFileExt=searchFileExt&searchFileDate=searchFileDate&searchFileTime=searchFileTime&searchFileSize=searchFileSize&searchFileExt=searchFileExt&searchFileDate=searchFileDate&searchFileTime=searchFileTime&searchFileSize=searchFileSize&searchFileExt=searchFileExt&searchFileDate=searchFileDate&searchFileTime=searchFileTime&searchFileSize=searchFileSize&searchFileExt=searchFileExt&searchFileDate=searchFileDate&searchFileTime=searchFileTime&searchFileSize=searchFileSize&searchFileExt=searchFileExt&searchFileDate=searchFileDate&searchFileTime=searchFileTime&searchFileSize=searchFileSize&searchFileExt=searchFileExt&searchFileDate=searchFileDate&searchFileTime=searchFileTime&searchFileSize=searchFileSize&searchFileExt=searchFileExt&searchFileDate=searchFileDate&searchFileTime=searchFileTime&searchFileSize=
[URL 2] https://fonts.googleapis.com/css2?family=Noto+Sans+KR:wght@300;400;700&display=swap');


====== 전체 응답 내용 ======

```html
<!DOCTYPE html>
<html lang="ko">
<head>
<meta charset="UTF-8">
<title>2023년 대전시 부동산 정책 개발계획 발표 보도자료</title>
<style>
@import url('https://fonts.googleapis.com/css2?family=Noto+Sans+KR:wght@300;400;700&display=swap');
body{font-family:'Malgun Gothic','Apple SD Gothic Neo',sans-serif;line-height:1.6;margin:20px;max-width:800px;margin-left:auto;margin-right:auto;}
table{border-collapse:collapse;width:100%;text-align:center;}
td,th{border:1px solid #000;padding:4px;}
.right{text-align:right;}
.blue{color:#0056D6;}
.summary-box{border:1px solid #000;padding:12px;margin-top:8px;}
.section-title{font-size:16px;font-weight:700;text-decoration:underline;margin-top:20px;}
.page-break{page-break-before:always;}
hr{border:0;border-top:1px solid #000;margin:8px 0;}
.footnote{font-size:11px;margin-top:20px;border-top:1px solid #999;padding-top:10px;}
.level2{margin-top:0;margin-left:20px;}
</style>
</head>
<body>
<!-- ===== header ===== -->
<table>
  <tr><td class="blue">2025. 4. 27(일) 조간용</td></tr>
  <tr><td>이 보도자료는 2025. 4. 26 11:15부터 보도할 수 있습니다.</td></tr>
</table>
<p class="right" style="font-size:24px;font-weight:700;">보도자료</p>
<hr>
<p>담당 기관: 대전광역시</p>
<table style="float:right;width:55%;">
  <tr>
    <td>부시장</td>
    <td>김영수</td>
    <td>02-1234-5678</td>
  </tr>
</table>
<div style="clear:both;"></div>
<hr>
<p>사진 없음 ■ 사진 있음 □ 쪽수: 2쪽</p>
<hr>
<!-- ===== main summary box ===== -->
<div class="summary-box">
  <p style="font-size:25px;font-weight:700;margin:0 0 6px 0;">2023년 대전시 부동산 정책 개발계획 발표</p>
  <ul style="margin:0;list-style-type:none;padding-left:0;">
    <li>- 부제1: 부동산 시장 안정화 방안</li>
    <li>- 부제2: 주택 공급 확대 전략
      <ul style="list-style-type:none;padding-left:10px;margin:0;">
        <li>‧ (1호) 신규 택지 개발 추진</li>
        <li>‧ (2호) 재개발·재건축 활성화</li>
        <li>‧ (3호) 공공임대주택 확대</li>
      </ul>
    </li>
    <li>- 부제3: 부동산 거래 투명성 강화</li>
  </ul>
</div>

<!-- 본문 시작 -->
<p>□ 대전시는 2023년 부동산 정책 개발계획을 발표하였다.</p>
<p class="level2">○ 이번 계획은 부동산 시장 안정화와 주택 공급 확대, 부동산 거래 투명성 강화를 목표로 한다.</p>

<p>□ 부동산 시장 안정화를 위해 다양한 방안을 마련하였다.</p>
<p class="level2">○ 주택 가격 상승 억제와 임대차 시장 안정화를 위한 정책을 추진한다.</p>

<!-- ===== section 1 ===== -->
<p class="section-title">&lt;주택 공급 확대 전략&gt;</p>
<p>□ 신규 택지 개발을 통해 주택 공급을 늘린다.</p>
<p class="level2">○ 재개발·재건축 사업을 활성화하여 노후 주택을 개선한다.▲ (1호) 신규 택지 개발 추진 ▲ (2호) 재개발·재건축 활성화 ▲ (3호) 공공임대주택 확대</p>

<p>□ 공공임대주택을 확대하여 주거 안정을 도모한다.</p>
<p class="level2">○ 다양한 계층을 위한 임대주택을 공급한다.</p>

<!-- ===== footer page 1 ===== -->
<p style="text-align:center;">- 1 -</p>
<div class="page-break"></div>

<!-- ===== page 2 (section 2) ===== -->
<p class="section-title">&lt;부동산 거래 투명성 강화&gt;</p>
<p>□ 부동산 거래의 투명성을 높이기 위한 방안을 마련하였다.</p>
<p class="level2">○ 부동산 거래 신고제도를 강화한다.</p>

<p>□ 부동산 시장의 신뢰성을 높이기 위한 정책을 추진한다.</p>
<p class="level2">○ 부동산 관련 정보의 공개를 확대한다.</p>

<!-- ===== references ===== -->
<div class="footnote">
  <p><strong>참고 자료</strong></p>
  <ol style="padding-left:18px;">
    <li><a href="https://www.daejeon.go.kr/daejeon/board/boardView.do?boardId=BOARD_ID&menuSeq=MENU_SEQ&searchType=searchType&searchKeyword=searchKeyword&searchStartDate=searchStartDate&searchEndDate=searchEndDate&searchStatus=searchStatus&searchCategory=searchCategory&searchFile=searchFile&searchFileName=searchFileName&searchFileType=searchFileType&searchFileSize=searchFileSize&searchFileExt=searchFileExt&searchFileDate=searchFileDate&searchFileTime=searchFileTime&searchFileSize=searchFileSize&searchFileExt=searchFileExt&searchFileDate=searchFileDate&searchFileTime=searchFileTime&searchFileSize=searchFileSize&searchFileExt=searchFileExt&searchFileDate=searchFileDate&searchFileTime=searchFileTime&searchFileSize=searchFileSize&searchFileExt=searchFileExt&searchFileDate=searchFileDate&searchFileTime=searchFileTime&searchFileSize=searchFileSize&searchFileExt=searchFileExt&searchFileDate=searchFileDate&searchFileTime=searchFileTime&searchFileSize=searchFileSize&searchFileExt=searchFileExt&searchFileDate=searchFileDate&searchFileTime=searchFileTime&searchFileSize=searchFileSize&searchFileExt=searchFileExt&searchFileDate=searchFileDate&searchFileTime=searchFileTime&searchFileSize=searchFileSize&searchFileExt=searchFileExt&searchFileDate=searchFileDate&searchFileTime=searchFileTime&searchFileSize=searchFileSize&searchFileExt=searchFileExt&searchFileDate=searchFileDate&searchFileTime=searchFileTime&searchFileSize=searchFileSize&searchFileExt=searchFileExt&searchFileDate=searchFileDate&searchFileTime=searchFileTime&searchFileSize=searchFileSize&searchFileExt=searchFileExt&searchFileDate=searchFileDate&searchFileTime=searchFileTime&searchFileSize=searchFileSize&searchFileExt=searchFileExt&searchFileDate=searchFileDate&searchFileTime=searchFileTime&searchFileSize=searchFileSize&searchFileExt=searchFileExt&searchFileDate=searchFileDate&searchFileTime=searchFileTime&searchFileSize=searchFileSize&searchFileExt=searchFileExt&searchFileDate=searchFileDate&searchFileTime=searchFileTime&searchFileSize=searchFileSize&searchFileExt=searchFileExt&searchFileDate=searchFileDate&searchFileTime=searchFileTime&searchFileSize=searchFileSize&searchFileExt=searchFileExt&searchFileDate=searchFileDate&searchFileTime=searchFileTime&searchFileSize=searchFileSize&searchFileExt=searchFileExt&searchFileDate=searchFileDate&searchFileTime=searchFileTime&searchFileSize=searchFileSize&searchFileExt=searchFileExt&searchFileDate=searchFileDate&searchFileTime=searchFileTime&searchFileSize=searchFileSize&searchFileExt=searchFileExt&searchFileDate=searchFileDate&searchFileTime=searchFileTime&searchFileSize=searchFileSize&searchFileExt=searchFileExt&searchFileDate=searchFileDate&searchFileTime=searchFileTime&searchFileSize=searchFileSize&searchFileExt=searchFileExt&searchFileDate=searchFileDate&searchFileTime=searchFileTime&searchFileSize=searchFileSize&searchFileExt=searchFileExt&searchFileDate=searchFileDate&searchFileTime=searchFileTime&searchFileSize=searchFileSize&searchFileExt=searchFileExt&searchFileDate=searchFileDate&searchFileTime=searchFileTime&searchFileSize=searchFileSize&searchFileExt=searchFileExt&searchFileDate=searchFileDate&searchFileTime=searchFileTime&searchFileSize=searchFileSize&searchFileExt=searchFileExt&searchFileDate=searchFileDate&searchFileTime=searchFileTime&searchFileSize=searchFileSize&searchFileExt=searchFileExt&searchFileDate=searchFileDate&searchFileTime=searchFileTime&searchFileSize=searchFileSize&searchFileExt=searchFileExt&searchFileDate=searchFileDate&searchFileTime=searchFileTime&searchFileSize=searchFileSize&searchFileExt=searchFileExt&searchFileDate=searchFileDate&searchFileTime=searchFileTime&searchFileSize=searchFileSize&searchFileExt=searchFileExt&searchFileDate=searchFileDate&searchFileTime=searchFileTime&searchFileSize=searchFileSize&searchFileExt=searchFileExt&searchFileDate=searchFileDate&searchFileTime=searchFileTime&searchFileSize=searchFileSize&searchFileExt=searchFileExt&searchFileDate=searchFileDate&searchFileTime=searchFileTime&searchFileSize=searchFileSize&searchFileExt=searchFileExt&searchFileDate=searchFileDate&searchFileTime=searchFileTime&searchFileSize=searchFileSize&searchFileExt=searchFileExt&searchFileDate=searchFileDate&searchFileTime=searchFileTime&searchFileSize= 