검색 키워드: 2023년 대전시 부동산 정책 개발계획 발표
검색 시간: 2025-04-27 15:52:33

====== 생성된 응답에서 참조된 URL 및 출처 분석 ======

응답에서 URL이나 출처 정보를 찾을 수 없습니다.

====== 전체 응답 내용 ======

```html
<html>
  <head>
    <style>
      /* 여기에 모든 CSS 스타일 포함 */
      body {
        font-family: 'Malgun Gothic', '맑은 고딕', sans-serif;
        line-height: 1.6;
        margin: 20px;
        max-width: 800px;
        margin-left: auto;
        margin-right: auto;
      }
      table {
        width: 100%;
        border-collapse: collapse;
      }
      table, th, td {
        border: 1px solid black;
      }
      th, td {
        padding: 8px;
        text-align: left;
      }
      .header {
        text-align: right;
        font-size: 24px;
        font-weight: bold;
      }
      .header .date_table {
        color: blue;
      }
      .header .date_table td {
        padding: 4px;
      }
      .header .date_table td:first-child {
        color: blue;
      }
      .header .date_table td:last-child {
        color: black;
      }
      .header .divider {
        border-top: 1px solid black;
        margin-top: 10px;
        margin-bottom: 10px;
      }
      .contact_info {
        display: flex;
        justify-content: space-between;
        margin-bottom: 10px;
      }
      .contact_info .department {
        flex: 1;
      }
      .contact_info .contact_table {
        flex: 1;
        text-align: right;
      }
      .contact_info .contact_table table {
        width: auto;
        margin-left: auto;
        margin-right: 0;
      }
      .contact_info .contact_table th, .contact_info .contact_table td {
        padding: 4px 8px;
      }
      .contact_info .divider {
        border-top: 1px solid black;
        margin-top: 10px;
        margin-bottom: 10px;
      }
      .photo_info {
        text-align: right;
        margin-bottom: 10px;
      }
      .photo_info .divider {
        border-top: 1px solid black;
        margin-top: 10px;
        margin-bottom: 10px;
      }
      .main_content {
        margin-bottom: 20px;
      }
      .main_content .main_summary_box {
        border: 1px solid black;
        padding: 10px;
        margin-bottom: 20px;
      }
      .main_content .main_summary_box .main_title {
        font-size: 25px;
        font-weight: bold;
        margin-bottom: 10px;
      }
      .main_content .main_summary_box .subtitles {
        list-style-type: none;
        padding: 0;
        margin: 0;
      }
      .main_content .main_summary_box .subtitles .item {
        font-family: '헤드라인체', sans-serif;
        margin-bottom: 5px;
      }
      .main_content .paragraphs {
        margin-bottom: 20px;
      }
      .main_content .paragraphs .level_1 {
        margin-bottom: 10px;
      }
      .main_content .paragraphs .level_2 {
        margin-left: 20px;
        margin-bottom: 10px;
      }
      .main_content .paragraphs .detail {
        margin-left: 40px;
        margin-bottom: 10px;
      }
      .sections {
        margin-bottom: 20px;
      }
      .sections .section {
        page-break-before: always;
        margin-bottom: 20px;
      }
      .sections .section .section_title {
        font-size: 16px;
        font-weight: bold;
        text-decoration: underline;
        margin-bottom: 10px;
      }
      .sections .section .paragraphs .level_1 {
        margin-bottom: 10px;
      }
      .sections .section .paragraphs .level_2 {
        margin-left: 20px;
        margin-bottom: 10px;
      }
      .sections .section .paragraphs .detail {
        margin-left: 40px;
        margin-bottom: 10px;
      }
      .footer {
        text-align: center;
        margin-top: 20px;
      }
      .footer .page-number {
        margin-bottom: 10px;
      }
      .footer .references {
        text-align: left;
        margin-top: 10px;
      }
      .footer .references .title {
        font-weight: bold;
        margin-bottom: 5px;
      }
      .footer .references .list {
        list-style-type: none;
        padding: 0;
        margin: 0;
      }
      .footer .references .list .item {
        margin-bottom: 5px;
      }
      @page {
        size: A4;
        margin: 2cm;
      }
      @media print {
        body {
          width: 210mm;
          height: 297mm;
          margin: 0;
        }
      }
      .page-1 .page-footer {
        position: absolute;
        bottom: 20px;
        width: 100%;
        text-align: center;
      }
      .page-2 .page-footer {
        position: absolute;
        bottom: 20px;
        width: 100%;
        text-align: center;
      }
      .references {
        page-break-before: avoid;
      }
    </style>
  </head>
  <body>
    <div class="page-1">
      <div class="header">
        <div class="date_table">
          <table>
            <tr><td style="color: blue;">2025. 4. 27(일) 조간용</td></tr>
            <tr><td>이 보도자료는 2025년 4월 27일 11:15부터 보도할 수 있습니다.</td></tr>
          </table>
        </div>
        <div class="format">보도자료</div>
        <div class="divider"></div>
        <div class="contact_info">
          <div class="department">
            담당 부서: 대전광역시 도시주택국
          </div>
          <div class="contact_table">
            <table>
              <tr>
                <th>직위</th>
                <th>이름</th>
                <th>연락처</th>
              </tr>
              <tr>
                <td>국장</td>
                <td>김준열</td>
                <td>042-270-3000</td>
              </tr>
            </table>
          </div>
        </div>
        <div class="divider"></div>
        <div class="photo_info">
          사진 있음 □ 사진 없음 ■ 쪽수: 2쪽
        </div>
        <div class="divider"></div>
      </div>
      <div class="main_content">
        <div class="main_summary_box">
          <div class="main_title">
            대전시, 2023년 부동산 정책 개발계획 발표
          </div>
          <div class="subtitles">
            <div class="item">- 주택 공급 확대 방안</div>
            <div class="item">- 개별공시지가 하락 원인 분석</div>
            <div class="item">- 부동산 시장 회복 전망</div>
          </div>
        </div>
        <div class="paragraphs">
          <div class="level_1">
            □ 대전시는 2023년까지 주택 약 7만 가구를 공급하는 '주택 공급 확대 및 가격 안정화 종합대책'을 발표하였다.
          </div>
          <div class="level_2">
            ○ 이 계획에 따르면, 2021년부터 2023년까지 총 7만 963가구를 공급할 예정이며, 2030년까지는 12만 9천 가구를 추가로 공급할 계획이다.
          </div>
          <div class="detail">
            ▴ 2021년: 2만 8,175가구
            ▴ 2022년: 1만 5,756가구
            ▴ 2023년: 1만 6,703가구
          </div>
          <div class="level_1">
            □ 또한, 대전시는 2023년 1월 1일 기준으로 개별공시지가를 결정·공시하였으며, 전년 대비 평균 5.42% 하락하였다.
          </div>
          <div class="level_2">
            ○ 하락 원인으로는 국토교통부의 '부동산 공시가격 현실화 수정 계획'을 반영하여 표준지공시지가의 2023년 적용 현실화율을 2020년 수준으로 하향 조정한 것과 부동산 경기 침체 등이 있다.
          </div>
          <div class="detail">
            ▴ 중구: 5.80%↓
            ▴ 서구: 5.63%↓
            ▴ 대덕구: 5.62%↓
            ▴ 동구: 5.61%↓
            ▴ 유성구: 4.98%↓
          </div>
          <div class="level_1">
            □ 이러한 정책과 지가 하락은 대전시 부동산 시장의 회복을 위한 노력의 일환으로, 향후 시장 안정화에 기여할 것으로 기대된다.
          </div>
        </div>
        <div class="sections">
          <div class="section" id="section1">
            <div class="section_title">
              &lt;주택 공급 확대 방안&gt;
            </div>
            <div class="paragraphs">
              <div class="level_1">
                □ 대전시는 2023년까지 주택 약 7만 가구를 공급하는 '주택 공급 확대 및 가격 안정화 종합대책'을 발표하였다.
              </div>
              <div class="level_2">
                ○ 이 계획에 따르면, 2021년부터 2023년까지 총 7만 963가구를 공급할 예정이며, 2030년까지는 12만 9천 가구를 추가로 공급할 계획이다.
              </div>
              <div class="detail">
                ▴ 2021년: 2만 8,175가구
                ▴ 2022년: 1만 5,756가구
                ▴ 2023년: 1만 6,703가구
              </div>
              <div class="level_1">
                