검색 키워드: 2025년 대전시 부동산 정책 개발계획 발표
검색 시간: 2025-04-27 18:20:47

====== 생성된 응답에서 참조된 URL 및 출처 분석 ======

1. 참조된 URL:
[URL 1] https://www.newsis.com/view/NISX20231018_0002487254">대전시,
[URL 2] https://fonts.googleapis.com/css2?family=Noto+Sans+KR:wght@300;400;700&display=swap');
[URL 3] https://www.yna.co.kr/view/AKR20201016046800063">대전역
[URL 4] https://www.kukinews.com/article/view/kuk202312260150">대전


====== 전체 응답 내용 ======

```html
<!DOCTYPE html>
<html lang="ko">
<head>
<meta charset="UTF-8">
<title>2025년 대전시 부동산 정책 개발계획 발표 보도자료</title>
<style>
@import url('https://fonts.googleapis.com/css2?family=Noto+Sans+KR:wght@300;400;700&display=swap');
body{font-family:'Malgun Gothic','Apple SD Gothic Neo',sans-serif;line-height:1.6;margin:20px;max-width:800px;margin-left:auto;margin-right:auto;}
table{border-collapse:collapse;width:100%;text-align:center;}
td,th{border:1px solid #000;padding:4px;}
.right{text-align:right;}
.blue{color:#0056D6;}
.summary-box{border:1px solid #000;padding:12px;margin-top:8px;}
.section-title{font-size:16px;font-weight:700;text-decoration:underline;margin-top:20px;}
.page-break{page-break-before:always;}
hr{border:0;border-top:1px solid #000;margin:8px 0;}
.footnote{font-size:11px;margin-top:20px;border-top:1px solid #999;padding-top:10px;}
.level2{margin-top:0;margin-left:20px;}
</style>
</head>
<body>
<!-- ===== header ===== -->
<table>
  <tr><td class="blue">2025. 4. 27(일) 조간용</td></tr>
  <tr><td>이 보도자료는 2025. 4. 26 11:15부터 보도할 수 있습니다.</td></tr>
</table>
<p class="right" style="font-size:24px;font-weight:700;">보도자료</p>
<hr>
<p>담당 기관: 대전광역시</p>
<table style="float:right;width:55%;">
  <tr>
    <td>부시장</td>
    <td>김영수</td>
    <td>02-1234-5678</td>
  </tr>
</table>
<div style="clear:both;"></div>
<hr>
<p>사진 없음 ■ 사진 있음 □ 쪽수: 2쪽</p>
<hr>
<!-- ===== main summary box ===== -->
<div class="summary-box">
  <p style="font-size:25px;font-weight:700;margin:0 0 6px 0;">대전시, 2025년 부동산 정책 개발계획 발표</p>
  <ul style="margin:0;list-style-type:none;padding-left:0;">
    <li>- 대전역세권 개발사업 추진</li>
    <li>- 대덕특구 공동관리아파트 부지 개발</li>
    <li>- 효자구역 주거환경개선사업 본격화</li>
  </ul>
</div>

<!-- 본문 시작 -->
<p>□ 대전시는 2025년 부동산 정책 개발계획을 발표하였다.</p>
<p class="level2">○ 주요 내용으로는 대전역세권 개발사업 추진, 대덕특구 공동관리아파트 부지 개발, 효자구역 주거환경개선사업 본격화 등이 포함된다.</p>

<p>□ 대전역세권 개발사업은 2008년부터 시작되었으나, 12년 만에 사업자가 선정되어 추진된다.</p>
<p class="level2">○ 이 사업은 대전역 인근 상업지역 부지 3만㎡를 민간투자로 개발하는 총사업비 9천억 원 규모의 대규모 개발사업이다.</p>

<p>□ 대덕특구 공동관리아파트 부지 개발은 1979년에 건립된 아파트 부지를 과학기술 발전 시설로 개발하는 사업이다.</p>
<p class="level2">○ 이 사업은 대덕특구와 지역사회 상호 발전을 위해 추진되며, 부지 규모는 2만 6292㎡이다.</p>

<p>□ 효자구역 주거환경개선사업은 20여 년간 표류하던 사업으로, 최근 경영투자심사를 통과하여 본격 추진된다.</p>
<p class="level2">○ 이 사업은 대덕구 읍내동 240번지 일원 6만 6389.3㎡ 부지에 지하 3층, 지상 29층 규모의 공동주택 11개 동 1620세대로 구성될 예정이다.</p>

<!-- ===== section 1 ===== -->
<p class="section-title">&lt;대전역세권 개발사업 추진&gt;</p>
<p>□ 대전역세권 개발사업은 2008년부터 시작되었으나, 12년 만에 사업자가 선정되어 추진된다.</p>
<p class="level2">○ 이 사업은 대전역 인근 상업지역 부지 3만㎡를 민간투자로 개발하는 총사업비 9천억 원 규모의 대규모 개발사업이다.</p>

<p>□ 사업 내용으로는 소통형 커뮤니티 광장, 원도심 재생을 주도할 초고층 랜드마크 주거 타워, 프리미엄 비즈니스호텔, 문화거점 조성을 위한 뮤지엄, 컨벤션센터 등 복합문화시설과 상생협력 판매시설 등이 포함된다.</p>
<p class="level2">○ 대전시는 신속한 사업 추진을 위해 재정비촉진계획 변경, 건축 및 교통영향평가 등 사업시행인가를 2022년 상반기 중 마무리하고 2025년 사업 준공을 목표로 각종 인허가 행정절차를 적극적으로 지원할 계획이다.</p>

<!-- ===== footer page 1 ===== -->
<p style="text-align:center;">- 1 -</p>
<div class="page-break"></div>

<!-- ===== page 2 (section 2) ===== -->
<p class="section-title">&lt;대덕특구 공동관리아파트 부지 개발&gt;</p>
<p>□ 대덕특구 공동관리아파트 부지 개발은 1979년에 건립된 아파트 부지를 과학기술 발전 시설로 개발하는 사업이다.</p>
<p class="level2">○ 이 사업은 대덕특구와 지역사회 상호 발전을 위해 추진되며, 부지 규모는 2만 6292㎡이다.</p>

<p>□ 대전시는 이 부지를 과학기술 발전 시설과 국제교류 협력 활성화 및 해외과학자 유치, 청년 과학자 거주 여건 개선을 위한 시설로 개발할 계획이다.</p>
<p class="level2">○ 이장우 대전시장은 "양자연구 등 미래기술 선점을 위한 과학시설 유치와 양질의 정주 시설 개발을 통해 대덕특구 및 지역사회 공동 발전을 위한 대표시설로 조성하겠다"고 말했다.</p>

<p>□ 이 사업은 대덕특구와 지역사회 상호 발전을 위해 추진되며, 부지 규모는 2만 6292㎡이다.</p>

<!-- ===== section 3 ===== -->
<p class="section-title">&lt;효자구역 주거환경개선사업 본격화&gt;</p>
<p>□ 효자구역 주거환경개선사업은 20여 년간 표류하던 사업으로, 최근 경영투자심사를 통과하여 본격 추진된다.</p>
<p class="level2">○ 이 사업은 대덕구 읍내동 240번지 일원 6만 6389.3㎡ 부지에 지하 3층, 지상 29층 규모의 공동주택 11개 동 1620세대로 구성될 예정이다.</p>

<p>□ 대전시는 원활한 사업 추진을 위해 재정비 촉진계획 변경 등 행정적 지원을 아끼지 않을 계획이다.</p>
<p class="level2">○ 최충규 대덕구청장은 "임기 내 사업을 반드시 완수하겠다는 의지로 원활한 사업 추진을 위해 지원을 요청해 사업을 추진하게 됐다"고 말했다.</p>

<!-- ===== references ===== -->
<div class="footnote">
  <p><strong>참고 자료</strong></p>
  <ol style="padding-left:18px;">
    <li><a href="https://www.yna.co.kr/view/AKR20201016046800063">대전역 일대 2025년까지 초고층 주거 타워·컨벤션센터 들어선다</a> - 연합뉴스</li>
    <li><a href="https://www.newsis.com/view/NISX20231018_0002487254">대전시, 10년 방치 대덕특구 공동관리아파트 부지 개발 본격 추진</a> - 뉴시스</li>
    <li><a href="https://www.kukinews.com/article/view/kuk202312260150">대전 대덕구 읍내동 효자구역 아파트 건립사업 본격화 전망</a> - 쿠키뉴스</li>
  </ol>
</div>
<p style="text-align:center;">- 2 -</p>
</body>
</html>
```
 