검색 키워드: 2023년 대전시 부동산 정책 개발계획 발표
검색 시간: 2025-04-27 15:50:15

====== 생성된 응답에서 참조된 URL 및 출처 분석 ======

응답에서 URL이나 출처 정보를 찾을 수 없습니다.

====== 전체 응답 내용 ======

```html
<html>
  <head>
    <style>
      /* 여기에 모든 CSS 스타일 포함 */
      body {
        font-family: 'Malgun Gothic', '맑은 고딕', sans-serif;
        line-height: 1.6;
        margin: 20px;
        max-width: 800px;
        margin-left: auto;
        margin-right: auto;
      }
      .header {
        text-align: right;
        font-size: 24px;
        font-weight: bold;
      }
      .header table {
        width: 100%;
        border-collapse: collapse;
      }
      .header td {
        padding: 5px;
      }
      .header .date {
        color: blue;
      }
      .header .date_table {
        margin-bottom: 20px;
      }
      .header .document_type {
        border-top: 1px solid black;
        border-bottom: 1px solid black;
        padding: 10px 0;
      }
      .header .contact_info {
        margin-bottom: 20px;
      }
      .header .contact_info .department_row {
        margin-bottom: 10px;
      }
      .header .contact_info .contact_table {
        width: 100%;
        border-collapse: collapse;
        margin-bottom: 10px;
      }
      .header .contact_info .contact_table th,
      .header .contact_info .contact_table td {
        border: 1px solid black;
        padding: 5px;
        text-align: center;
      }
      .header .contact_info .contact_table th {
        background-color: #f2f2f2;
      }
      .header .photo_info {
        text-align: left;
        margin-bottom: 20px;
      }
      .header .photo_info .format {
        font-size: 16px;
      }
      .main_content {
        margin-bottom: 20px;
      }
      .main_content .main_summary_box {
        border: 1px solid black;
        padding: 10px;
        margin-bottom: 20px;
      }
      .main_content .main_summary_box .main_title {
        font-size: 25px;
        font-weight: bold;
        margin-bottom: 10px;
      }
      .main_content .main_summary_box .subtitles {
        list-style-type: none;
        padding: 0;
        margin: 0;
      }
      .main_content .main_summary_box .subtitles .item {
        font-family: '헤드라인체', sans-serif;
        margin-bottom: 5px;
      }
      .main_content .paragraphs .level_1 {
        margin-bottom: 10px;
      }
      .main_content .paragraphs .level_2 {
        margin-left: 20px;
        margin-bottom: 10px;
      }
      .main_content .paragraphs .detail {
        margin-left: 40px;
        margin-bottom: 10px;
      }
      .sections {
        margin-bottom: 20px;
      }
      .sections .section {
        page-break-before: always;
        margin-bottom: 20px;
      }
      .sections .section .section_title {
        font-size: 16px;
        font-weight: bold;
        text-decoration: underline;
        margin-bottom: 10px;
      }
      .sections .section .paragraphs .level_1 {
        margin-bottom: 10px;
      }
      .sections .section .paragraphs .level_2 {
        margin-left: 20px;
        margin-bottom: 10px;
      }
      .sections .section .paragraphs .detail {
        margin-left: 40px;
        margin-bottom: 10px;
      }
      .footer {
        text-align: center;
        margin-top: 20px;
      }
      .footer .page-number {
        margin-bottom: 10px;
      }
      .footer .references {
        text-align: left;
        margin-top: 20px;
      }
      .footer .references .title {
        font-weight: bold;
        margin-bottom: 10px;
      }
      .footer .references .list {
        list-style-type: none;
        padding: 0;
        margin: 0;
      }
      .footer .references .list .item {
        margin-bottom: 5px;
      }
      @page {
        size: A4;
        margin: 2cm;
      }
      @media print {
        body {
          width: 210mm;
          height: 297mm;
          margin: 0;
        }
      }
      .page-1 .page-footer {
        position: absolute;
        bottom: 20px;
        width: 100%;
        text-align: center;
      }
      .page-2 .page-footer {
        position: absolute;
        bottom: 20px;
        width: 100%;
        text-align: center;
      }
      .references {
        page-break-before: avoid;
      }
    </style>
  </head>
  <body>
    <div class="header">
      <div class="date_table">
        <table>
          <tr><td class="date">2025. 4. 27(일) 조간용</td></tr>
          <tr><td>이 보도자료는 2025년 4월 27일 11:15부터 보도할 수 있습니다.</td></tr>
        </table>
      </div>
      <div class="document_type">보도자료</div>
      <div class="contact_info">
        <div class="department_row">
          <span>담당 부서: 대전광역시 도시주택국</span>
        </div>
        <div class="contact_table">
          <table>
            <tr>
              <th>직위</th>
              <th>이름</th>
              <th>연락처</th>
            </tr>
            <tr>
              <td>국장</td>
              <td>김준열</td>
              <td>042-270-0000</td>
            </tr>
          </table>
        </div>
      </div>
      <div class="photo_info">
        <span class="format">사진 있음 □ 사진 없음 ■ 쪽수: 2쪽</span>
      </div>
    </div>

    <div class="main_content">
      <div class="main_summary_box">
        <div class="main_title">
          대전시, 2023년까지 7만 가구 주택 공급 계획 발표
        </div>
        <div class="subtitles">
          <div class="item">- 주택공급 확대 방안</div>
          <div class="item">- 주택가격 안정화 대책</div>
          <div class="item">- 주거복지 향상 방안</div>
        </div>
      </div>

      <div class="paragraphs">
        <div class="level_1">
          □ 대전시는 2023년까지 총 7만 가구의 주택을 공급하여 시민들의 주거 안정을 도모할 계획이다.
        </div>
        <div class="level_2">
          ○ 이를 위해 2021년부터 2023년까지 연차별로 주택을 공급할 예정이다.
        </div>
        <div class="detail">
          ▴ 2021년: 2만 8,175가구
          ▴ 2022년: 1만 5,756가구
          ▴ 2023년: 1만 2,403가구
        </div>

        <div class="level_1">
          □ 주택공급 확대를 통해 주택보급률을 선진국 수준인 113%까지 높일 계획이다.
        </div>
        <div class="level_2">
          ○ 이를 통해 균형 있는 주택 수급과 주거권 확보를 추진할 예정이다.
        </div>

        <div class="level_1">
          □ 청년, 신혼부부, 고령자 등 주거 취약 계층을 위한 '대전 드림타운' 3,000호 공급 정책을 추진한다.
        </div>
        <div class="level_2">
          ○ 올해 1,778호를 시작으로 내년까지 3,345호를 착공할 예정이다.
        </div>

        <div class="level_1">
          □ 분양가 안정을 위해 공동주택 분양신청 자격을 대전시 거주 3개월에서 1년으로 강화한다.
        </div>
        <div class="level_2">
          ○ 또한, 전문가로 구성된 '공동주택 사업비 검증단'을 운영하여 분양가를 하향 조정할 예정이다.
        </div>

        <div class="level_1">
          □ 정부의 2.4 대책인 '공공주도 3080+ 대도시권 주택공급 획기적 확대 방안'에 대응하기 위해 TF팀을 구성한다.
        </div>
        <div class="level_2">
          ○ 도심공공주택 대상지로 준공업지역 및 소규모 주택정비 사업 가능 지역을 발굴하여 주택공급을 확대할 예정이다.
        </div>
      </div>

      <div class="sections">
        <div class="section" id="section1">
          <div class="section_title">
            <u>주택공급 확대 방안</u>
          </div>
          <div class="paragraphs">
            <div class="level_1">
              □ 2021년부터 2023년까지 연차별로 주택을 공급하여 총 7만 가구를 목표로 한다.
            </div>
            <div class="level_2">
              ○ 이를 통해 주택보급률을 선진국 수준인 113%까지 높일 계획이다.
            </div>
            <div class="detail">
              ▴ 2021년: 2만 8,175가구
              ▴ 2022년: 1만 5,756가구
              ▴ 2023년: 1만 2,403가구
            </div>

            <div class="level_1">
              □ 청년, 신혼부부, 고령자 등 주거 취약 계층을 위한 '대전 드림타운' 3,000호 공급 정책을 추진한다.
            </div>
            <div class="level_2">
              ○ 올해 1,778호를 시작으로 내년까지 3,345호를 착공할 예정이다.
            </div>
          </div>
        </ 