검색 키워드: 2023년 대전시 부동산 정책 개발계획 발표
검색 시간: 2025-04-27 15:55:07

====== 생성된 응답에서 참조된 URL 및 출처 분석 ======

응답에서 URL이나 출처 정보를 찾을 수 없습니다.

====== 전체 응답 내용 ======

```html
<html>
  <head>
    <style>
      /* 여기에 모든 CSS 스타일 포함 */
      body {
        font-family: 'Malgun Gothic', '맑은 고딕', sans-serif;
        line-height: 1.6;
        margin: 20px;
        max-width: 800px;
        margin-left: auto;
        margin-right: auto;
      }
      table {
        width: 100%;
        border-collapse: collapse;
      }
      td {
        padding: 5px;
        border: 1px solid #000;
      }
      th {
        padding: 5px;
        border: 1px solid #000;
        text-align: center;
      }
      .blue {
        color: blue;
      }
      .right-align {
        text-align: right;
      }
      .bold {
        font-weight: bold;
      }
      .underline {
        text-decoration: underline;
      }
      .main-title {
        font-size: 25px;
        font-weight: bold;
        text-align: left;
      }
      .subtitles {
        list-style-type: none;
        padding-left: 0;
      }
      .subtitles li {
        font-family: '헤드라인체';
      }
      .content {
        margin-top: 20px;
      }
      .content .level-1 {
        margin-bottom: 10px;
      }
      .content .level-2 {
        margin-left: 20px;
        margin-bottom: 10px;
      }
      .content .detail {
        margin-left: 40px;
        margin-bottom: 10px;
      }
      .section-title {
        font-size: 16px;
        font-weight: bold;
        text-decoration: underline;
        text-align: left;
      }
      .page-footer {
        text-align: center;
        margin-top: 20px;
      }
      .page-footer .page-number {
        display: inline-block;
        width: 100%;
        text-align: center;
      }
      .references {
        margin-top: 20px;
        text-align: left;
      }
      .references .title {
        font-weight: bold;
      }
      .references .list {
        list-style-type: none;
        padding-left: 0;
      }
      .references .list li {
        margin-bottom: 5px;
      }
      @page {
        size: A4;
        margin: 2cm;
      }
      @media print {
        body {
          width: 210mm;
          height: 297mm;
          margin: 0;
        }
      }
      #section2 {
        page-break-before: always;
      }
      .page-1, .page-2 {
        position: relative;
        min-height: 297mm;
      }
      .page-1 .page-footer, .page-2 .page-footer {
        position: absolute;
        bottom: 20px;
        width: 100%;
        text-align: center;
      }
      .references {
        page-break-before: avoid;
      }
    </style>
  </head>
  <body>
    <div class="page-1">
      <header>
        <table>
          <tr><td class="blue">2025. 4. 27(일) 조간용</td></tr>
          <tr><td>이 보도자료는 2025년 4월 27일 11:15부터 보도할 수 있습니다.</td></tr>
        </table>
        <div class="right-align bold" style="font-size: 24px;">보도자료</div>
        <hr>
        <div>
          <div>담당 부서: 대전광역시 도시주택국</div>
          <div class="right-align">
            <table>
              <tr>
                <th>직위</th>
                <th>이름</th>
                <th>연락처</th>
              </tr>
              <tr>
                <td>국장</td>
                <td>김준열</td>
                <td>확인 필요</td>
              </tr>
            </table>
          </div>
        </div>
        <hr>
        <div>사진 있음 □ 사진 없음 ■ 쪽수: 2쪽</div>
        <hr>
      </header>
      <main>
        <div class="main-title">대전시, 2023년까지 7만 가구 주택 공급 계획 발표</div>
        <ul class="subtitles">
          <li>- 주택공급 확대 방안</li>
          <li>- 분양가 안정화 대책</li>
          <li>- 정부 주택 공급 대책 대응</li>
        </ul>
        <div class="content">
          <div class="level-1">□ 대전시는 2023년까지 총 7만 가구의 주택을 공급하여 시민들의 주거 안정을 도모할 계획이다.</div>
          <div class="level-2">○ 이를 위해 2021년부터 2023년까지 연도별로 2만 8,175세대, 1만 5,756세대, 1만 2,403세대를 공급할 예정이다.</div>
          <div class="detail">▴ 2021년: 2만 8,175세대 ▴ 2022년: 1만 5,756세대 ▴ 2023년: 1만 2,403세대</div>
          <div class="level-1">□ 주택공급 확대를 통해 주택보급률을 2030년까지 선진국 수준인 113%로 높일 계획이다.</div>
          <div class="level-2">○ 이를 통해 균형 있는 주택 수급과 주거권 확보를 위한 주거정책을 추진할 예정이다.</div>
          <div class="detail">▴ 2030년까지 주택보급률 113% 목표</div>
          <div class="level-1">□ 청년, 신혼부부, 고령자 등 주거 취약 계층을 위한 '대전 드림타운' 3,000호 공급 정책을 추진한다.</div>
          <div class="level-2">○ 올해 1,778호를 시작으로 내년까지 총 3,345호를 착공할 예정이다.</div>
          <div class="detail">▴ 2025년: 1,778호 착공 ▴ 2026년까지 총 3,345호 착공 예정</div>
        </div>
        <div class="section-title">대전시, 2023년까지 7만 가구 주택 공급 계획 발표</div>
        <div class="content">
          <div class="level-1">□ 대전시는 2023년까지 총 7만 가구의 주택을 공급하여 시민들의 주거 안정을 도모할 계획이다.</div>
          <div class="level-2">○ 이를 위해 2021년부터 2023년까지 연도별로 2만 8,175세대, 1만 5,756세대, 1만 2,403세대를 공급할 예정이다.</div>
          <div class="detail">▴ 2021년: 2만 8,175세대 ▴ 2022년: 1만 5,756세대 ▴ 2023년: 1만 2,403세대</div>
          <div class="level-1">□ 주택공급 확대를 통해 주택보급률을 2030년까지 선진국 수준인 113%로 높일 계획이다.</div>
          <div class="level-2">○ 이를 통해 균형 있는 주택 수급과 주거권 확보를 위한 주거정책을 추진할 예정이다.</div>
          <div class="detail">▴ 2030년까지 주택보급률 113% 목표</div>
          <div class="level-1">□ 청년, 신혼부부, 고령자 등 주거 취약 계층을 위한 '대전 드림타운' 3,000호 공급 정책을 추진한다.</div>
          <div class="level-2">○ 올해 1,778호를 시작으로 내년까지 총 3,345호를 착공할 예정이다.</div>
          <div class="detail">▴ 2025년: 1,778호 착공 ▴ 2026년까지 총 3,345호 착공 예정</div>
        </div>
      </main>
    </div>
    <div class="page-2">
      <div class="section-title">분양가 안정화 대책</div>
      <div class="content">
        <div class="level-1">□ 지역 실수요자 보호 및 외지 투기세력 차단을 위해 공동주택 분양신청 자격을 대전시 거주 3개월에서 1년으로 강화하였다.</div>
        <div class="level-2">○ 이를 통해 실수요자가 당첨될 수 있도록 시행 중이다.</div>
        <div class="detail">▴ 분양신청 자격 강화: 대전시 거주 3개월 → 1년</div>
        <div class="level-1">□ 고분양가로 인한 주택가격 상승을 억제하기 위해 전문가로 구성된 '공동주택 사업비 검증단'을 운영하였다.</div>
        <div class="level-2">○ 이를 통해 갑천1BL을 포함한 4개 단지의 분양가를 3.3㎡당 64~79만 원을 하향 조정하였다.</div>
        <div class="detail">▴ 분양가 하향 조정: 3.3㎡당 64~79만 원</div>
        <div class="level-1">□ 부동산 경기 과열에 따른 거래 질서 교란 행위 방지 및 안정적인 부동산 거래행위 정착을 위해 부동산 시장 단속을 강화하였다.</div>
        <div class="level-2">○ 이를 통해 투기수요 유입을 차단하는 데 시너지 효과가 있을 것으로 기대된다.</div>
        <div class="detail">▴ 부동산 시장 단속 강화: 투기수요 유입 차단</div>
      </div>
      <div class="section-title">정부 주택 공급 대책 대응</div>
      <div class="content">
        <div class="level-1">□ 정부의 