검색 키워드: 2023년 대전시 부동산 정책 개발계획 발표
검색 시간: 2025-04-27 16:01:02

====== 생성된 응답에서 참조된 URL 및 출처 분석 ======

1. 참조된 URL:
[URL 1] https://fonts.googleapis.com/css2?family=Noto+Sans+KR:wght@300;400;700&display=swap');
[URL 2] https://www.donga.com/news/Politics/article/all/20231107/122065221/1">한국,
[URL 3] https://www.yna.co.kr/view/MYH20241205019300641">외교부
[URL 4] https://www.newsis.com/view/NISX20241209_0002990182">외교부,
[URL 5] https://www.pressian.com/pages/articles/2024122210514751291">"변함없이
[URL 6] https://knto.or.kr/pressRelease/547479">외래


====== 전체 응답 내용 ======

```html
<!DOCTYPE html>
<html lang="ko">
<head>
<meta charset="UTF-8">
<title>한국 공공기관 보도자료</title>
<style>
@import url('https://fonts.googleapis.com/css2?family=Noto+Sans+KR:wght@300;400;700&display=swap');
body{font-family:'Malgun Gothic','Apple SD Gothic Neo',sans-serif;line-height:1.6;margin:20px;max-width:800px;margin-left:auto;margin-right:auto;}
table{border-collapse:collapse;width:100%;text-align:center;}
td,th{border:1px solid #000;padding:4px;}
.right{text-align:right;}
.blue{color:#0056D6;}
.summary-box{border:1px solid #000;padding:12px;margin-top:8px;}
.section-title{font-size:16px;font-weight:700;text-decoration:underline;margin-top:20px;}
.page-break{page-break-before:always;}
hr{border:0;border-top:1px solid #000;margin:8px 0;}
.footnote{font-size:11px;margin-top:20px;border-top:1px solid #999;padding-top:10px;}
.level2{margin-top:0;margin-left:20px;}
</style>
</head>
<body>
<!-- ===== header ===== -->
<table>
  <tr><td class="blue">2025. 4. 27(일) 조간용</td></tr>
  <tr><td>이 보도자료는 2025. 4. 26 11:15부터 보도할 수 있습니다.</td></tr>
</table>
<p class="right" style="font-size:24px;font-weight:700;">보도자료</p>
<hr>
<p>담당 기관: 미공개</p>
<table style="float:right;width:55%;">
  <tr>
    <td>미공개</td>
    <td>미공개</td>
    <td>미공개</td>
  </tr>
</table>
<div style="clear:both;"></div>
<hr>
<p>사진 없음 ■ 사진 있음 □ 쪽수: 2쪽</p>
<hr>
<!-- ===== main summary box ===== -->
<div class="summary-box">
  <p style="font-size:25px;font-weight:700;margin:0 0 6px 0;">한국 공공기관 보도자료</p>
  <ul style="margin:0;list-style-type:none;padding-left:0;">
    <li>- 공공기관 보도자료의 중요성</li>
    <li>- 보도자료 작성 시 유의사항
      <ul style="list-style-type:none;padding-left:10px;margin:0;">
        <li>‧ 정확한 정보 제공</li>
        <li>‧ 객관적인 표현 사용</li>
        <li>‧ 명확한 구조와 형식 준수</li>
      </ul>
    </li>
    <li>- 보도자료 배포 및 관리 방안</li>
  </ul>
</div>

<!-- 본문 시작 -->
<p>□ 공공기관의 보도자료는 기관의 활동과 정책을 대중에게 전달하는 중요한 수단이다.</p>
<p class="level2">○ 정확한 정보 제공을 통해 기관의 신뢰성을 높여야 한다.▲ 사실에 기반한 내용 ▲ 검증된 데이터 활용</p>

<p>□ 보도자료 작성 시에는 객관적인 표현을 사용하여 편향성을 배제해야 한다.</p>
<p class="level2">○ 명확한 구조와 형식을 준수하여 독자의 이해를 돕는다.▲ 제목과 부제목 활용 ▲ 간결한 문장 구성</p>

<!-- ===== section 1 ===== -->
<p class="section-title">&lt;보도자료 작성의 핵심 요소&gt;</p>
<p>□ 제목은 주제를 명확하게 전달해야 한다.</p>
<p class="level2">○ 부제목을 통해 세부 내용을 간략히 소개한다.▲ 핵심 키워드 포함 ▲ 관심 유도</p>

<p>□ 본문은 서론, 본론, 결론의 구조로 구성한다.</p>
<p class="level2">○ 서론에서는 배경과 목적을 설명한다.▲ 기관의 목표 소개</p>

<p>□ 본론에서는 주요 내용과 세부 사항을 상세히 기술한다.</p>
<p class="level2">○ 결론에서는 요약과 향후 계획을 제시한다.▲ 향후 전망 언급</p>

<!-- ===== footer page 1 ===== -->
<p style="text-align:center;">- 1 -</p>
<div class="page-break"></div>

<!-- ===== page 2 (section 2) ===== -->
<p class="section-title">&lt;보도자료 배포 및 관리 방안&gt;</p>
<p>□ 보도자료는 기관의 공식 웹사이트와 소셜 미디어를 통해 배포한다.</p>
<p class="level2">○ 기자와의 네트워크를 활용하여 언론에 배포한다.▲ 이메일 배포 ▲ 기자 간담회 개최</p>

<p>□ 배포 후에는 언론의 반응을 모니터링하여 피드백을 수집한다.</p>
<p class="level2">○ 수집된 피드백을 바탕으로 향후 보도자료의 품질을 개선한다.▲ 독자 의견 반영</p>

<!-- ===== references ===== -->
<div class="footnote">
  <p><strong>참고 자료</strong></p>
  <ol style="padding-left:18px;">
    <li><a href="https://knto.or.kr/pressRelease/547479">외래 관광객 대상 맞춤형 교통 서비스 제공으로 대한민국 방방곡곡을 편리하고 안전하게! - 한국관광공사</a></li>
    <li><a href="https://www.newsis.com/view/NISX20241209_0002990182">외교부, 주한 외국공관장들 접견…'외교기조 불변' 전달(종합) - 뉴시스</a></li>
    <li><a href="https://www.donga.com/news/Politics/article/all/20231107/122065221/1">한국, 수리남 등 12개국 공관 개설…“글로벌 중추국가 외교 강화” - 동아일보</a></li>
    <li><a href="https://www.pressian.com/pages/articles/2024122210514751291">"변함없이 안전"…김동연, 10개국 50개 여행사에 협조서한 발송 - 프레시안</a></li>
    <li><a href="https://www.yna.co.kr/view/MYH20241205019300641">외교부 "한국 안전해 여행경보 조정 불필요"…모든 주한공관에 서한 - 연합뉴스</a></li>
  </ol>
</div>
<p style="text-align:center;">- 2 -</p>
</body>
</html>
```
 