검색 키워드: 2023년 대전시 부동산 정책 개발계획 발표
검색 시간: 2025-04-24 02:07:39

====== 생성된 응답에서 참조된 URL 및 출처 분석 ======

응답에서 URL이나 출처 정보를 찾을 수 없습니다.

====== 전체 응답 내용 ======

```html
<html>
  <head>
    <style>
      /* 여기에 모든 CSS 스타일 포함 */
      body {
        font-family: 'Malgun Gothic', '맑은 고딕', sans-serif;
        line-height: 1.6;
        margin: 20px;
        max-width: 800px;
        margin-left: auto;
        margin-right: auto;
      }
      .header {
        text-align: right;
        font-size: 24px;
        font-weight: bold;
      }
      .header table {
        width: 100%;
        border-collapse: collapse;
      }
      .header td {
        padding: 5px;
      }
      .header .date {
        color: blue;
      }
      .header .date_table {
        text-align: center;
      }
      .header .date_table td {
        padding: 5px;
      }
      .header .date_table .date {
        color: blue;
      }
      .header .date_table .time {
        text-align: center;
      }
      .header .format {
        text-align: right;
        font-size: 24px;
        font-weight: bold;
      }
      .header .contact_info {
        display: flex;
        justify-content: space-between;
        align-items: flex-start;
        margin-top: 20px;
      }
      .header .contact_info .department_row {
        flex: 1;
      }
      .header .contact_info .contact_table {
        flex: 1;
        text-align: right;
      }
      .header .contact_info .contact_table table {
        width: 100%;
        border-collapse: collapse;
      }
      .header .contact_info .contact_table th,
      .header .contact_info .contact_table td {
        padding: 5px;
        border: 1px solid #000;
      }
      .header .contact_info .contact_table th {
        text-align: center;
      }
      .header .contact_info .contact_table td {
        text-align: center;
      }
      .header .photo_info {
        text-align: right;
        margin-top: 20px;
      }
      .header .photo_info .format {
        font-size: 16px;
      }
      .header .photo_info .format .checked {
        color: black;
      }
      .header .photo_info .format .unchecked {
        color: white;
      }
      .header .separator {
        border-top: 1px solid #000;
        margin-top: 20px;
      }
      .main_content {
        margin-top: 20px;
      }
      .main_content .main_summary_box {
        border: 1px solid #000;
        padding: 10px;
        margin-bottom: 20px;
      }
      .main_content .main_summary_box .main_title {
        font-size: 25px;
        font-weight: bold;
        margin-bottom: 10px;
      }
      .main_content .main_summary_box .subtitles {
        list-style-type: none;
        padding: 0;
        margin: 0;
      }
      .main_content .main_summary_box .subtitles .item {
        font-family: '헤드라인체', sans-serif;
        font-size: 18px;
        margin-bottom: 5px;
      }
      .main_content .paragraphs .level_1 {
        margin-bottom: 10px;
      }
      .main_content .paragraphs .level_2 {
        margin-left: 20px;
        margin-bottom: 10px;
      }
      .main_content .paragraphs .detail {
        margin-left: 40px;
        margin-bottom: 10px;
      }
      .main_content .sections .section {
        margin-bottom: 20px;
      }
      .main_content .sections .section .section_title {
        font-size: 16px;
        font-weight: bold;
        text-decoration: underline;
        margin-bottom: 10px;
      }
      .main_content .sections .section .paragraphs .level_1 {
        margin-bottom: 10px;
      }
      .main_content .sections .section .paragraphs .level_2 {
        margin-left: 20px;
        margin-bottom: 10px;
      }
      .main_content .sections .section .paragraphs .detail {
        margin-left: 40px;
        margin-bottom: 10px;
      }
      .footer {
        text-align: center;
        margin-top: 20px;
      }
      .footer .page-number {
        margin-bottom: 10px;
      }
      .footer .references {
        text-align: left;
        margin-top: 20px;
      }
      .footer .references .title {
        font-weight: bold;
        margin-bottom: 10px;
      }
      .footer .references .list {
        list-style-type: none;
        padding: 0;
        margin: 0;
      }
      .footer .references .list .item {
        margin-bottom: 5px;
      }
      /* 페이지 나누기 설정 (인쇄용) */
      @page {
        size: A4;
        margin: 2cm;
      }
      @media print {
        body {
          width: 210mm;
          height: 297mm;
          margin: 0;
        }
      }
      .page-1 {
        page-break-before: always;
      }
      .page-2 {
        page-break-before: always;
      }
      .page-footer {
        position: absolute;
        bottom: 20px;
        width: 100%;
        text-align: center;
      }
      .references {
        page-break-before: avoid;
      }
    </style>
  </head>
  <body>
    <div class="page-1">
      <div class="header">
        <div class="date_table">
          <table>
            <tr>
              <td class="date">2025. 4. 23(수) 조간용</td>
            </tr>
            <tr>
              <td class="time">이 보도자료는 2025년 4월 23일 11:15부터 보도할 수 있습니다.</td>
            </tr>
          </table>
        </div>
        <div class="format">보도자료</div>
        <div class="separator"></div>
        <div class="contact_info">
          <div class="department_row">
            담당 부서: 대전광역시 도시재정비과
          </div>
          <div class="contact_table">
            <table>
              <tr>
                <th>직위</th>
                <th>이름</th>
                <th>연락처</th>
              </tr>
              <tr>
                <td>과장</td>
                <td>김철수</td>
                <td>042-123-4567</td>
              </tr>
            </table>
          </div>
        </div>
        <div class="photo_info">
          사진 있음 □ 사진 없음 ■ 쪽수: 2쪽
        </div>
        <div class="separator"></div>
      </div>
      <div class="main_content">
        <div class 