검색 키워드: 대전시 부동산 정책 변화
검색 시간: 2025-04-24 02:00:05

====== 생성된 응답에서 참조된 URL 및 출처 분석 ======

응답에서 URL이나 출처 정보를 찾을 수 없습니다.

====== 전체 응답 내용 ======

```html
<html>
  <head>
    <style>
      /* 여기에 모든 CSS 스타일 포함 */
      body {
        font-family: 'Malgun Gothic', '맑은 고딕', sans-serif;
        line-height: 1.6;
        margin: 20px;
        max-width: 800px;
        margin-left: auto;
        margin-right: auto;
      }
      table {
        width: 100%;
        border-collapse: collapse;
      }
      table, th, td {
        border: 1px solid black;
      }
      th, td {
        padding: 8px;
        text-align: left;
      }
      .blue-text {
        color: blue;
      }
      .right-align {
        text-align: right;
      }
      .bold {
        font-weight: bold;
      }
      .underline {
        text-decoration: underline;
      }
      .page-break {
        page-break-before: always;
      }
      .page-footer {
        text-align: center;
        margin-top: 20px;
      }
      .page-number {
        display: inline-block;
        width: 100%;
        text-align: center;
      }
      .references {
        margin-top: 20px;
      }
      .references ul {
        list-style-type: none;
        padding: 0;
      }
      .references li {
        margin-bottom: 10px;
      }
    </style>
  </head>
  <body>
    <div class="page-1">
      <header>
        <table>
          <tr><td class="blue-text">2025. 4. 23(수) 조간용</td></tr>
          <tr><td>이 보도자료는 2025년 4월 23일 11:15부터 보도할 수 있습니다.</td></tr>
        </table>
        <div class="right-align bold" style="font-size: 24px;">보도자료</div>
        <hr>
        <div>
          <div>담당 부서: 대전시청 도시재생과</div>
          <div class="right-align">
            <table>
              <tr>
                <th>직위</th>
                <th>이름</th>
                <th>연락처</th>
              </tr>
              <tr>
                <td>과장</td>
                <td>김철수</td>
                <td>042-123-4567</td>
              </tr>
            </table>
          </div>
        </div>
        <hr>
        <div>
          사진 있음 □ 사진 없음 ■ 쪽수: 2쪽
        </div>
        <hr>
      </header>

      <main>
        <div>
          <div class="bold" style="font-size: 25px;">대전시, 부동산 정책 변화로 지역 경제 활성화 추진</div>
          <ul>
            <li>- 부제목 1 - 부동산 정책 개편</li>
            <li>- 부제목 2 - 주택 공급 확대</li>
            <li>- 부제목 3 - 부동산 시장 안정화 방안</li>
          </ul>
        </div>

        <div>
          <p>□ 대전시는 최근 부동산 정책을 대폭 개편하여 지역 경제 활성화를 추진하고 있다. 이를 통해 주택 공급을 확대하고, 부동산 시장의 안정화를 도모하고자 한다.</p>
          <p>○ 대전시는 기존의 부동산 정책을 재검토하여 새로운 정책 방향을 설정하였다. 이를 통해 지역 경제의 활성화를 목표로 한다.</p>
          <p>▴ 부동산 정책 개편안 발표 ▴ 정책 시행 일정</p>
          <p>□ 주택 공급 확대를 위해 대전시는 다양한 방안을 모색하고 있다. 이를 통해 시민들의 주거 안정을 지원하고자 한다.</p>
          <p>○ 주택 공급 확대를 위한 구체적인 계획이 수립되었다. 이를 통해 주택 부족 문제를 해결하고자 한다.</p>
          <p>▴ 주택 공급 확대 계획 발표 ▴ 관련 부서 협의</p>
          <p>□ 부동산 시장의 안정화를 위해 대전시는 다양한 조치를 취하고 있다. 이를 통해 시장의 변동성을 최소화하고자 한다.</p>
          <p>○ 부동산 시장 안정화를 위한 정책이 시행되고 있다. 이를 통해 시장의 안정성을 확보하고자 한다.</p>
          <p>▴ 부동산 시장 안정화 방안 발표 ▴ 관련 법령 개정</p>
        </div>

        <div class="page-break">
          <section>
            <div class="underline" style="font-size: 16px; font-weight: bold;">부동산 정책 개편</div>
            <p>□ 대전시는 기존의 부동산 정책을 재검토하여 새로운 정책 방향을 설정하였다. 이를 통해 지역 경제의 활성화를 목표로 한다.</p>
            <p>○ 부동산 정책 개편안이 발표되었다. 이를 통해 정책의 방향성이 제시되었다.</p>
            <p>▴ 부동산 정책 개편안 발표 ▴ 정책 시행 일정</p>
            <p>□ 정책 시행 일정이 확정되었다. 이를 통해 정책의 실행 계획이 수립되었다.</p>
            <p>○ 정책 시행 일정이 발표되었다. 이를 통해 정책의 실행 계획이 수립되었다.</p>
            <p>▴ 정책 시행 일정 발표 ▴ 관련 부서 협의</p>
          </section>

          <section>
            <div class="underline" style="font-size: 16px; font-weight: bold;">주택 공급 확대</div>
            <p>□ 주택 공급 확대를 위해 대전시는 다양한 방안을 모색하고 있다. 이를 통해 시민들의 주거 안정을 지원하고자 한다.</p>
            <p>○ 주택 공급 확대를 위한 구체적인 계획이 수립되었다. 이를 통해 주택 부족 문제를 해결하고자 한다.</p>
            <p>▴ 주택 공급 확대 계획 발표 ▴ 관련 부서 협의</p>
            <p>□ 관련 부서와의 협의를 통해 주택 공급 확대 방안이 논의되고 있다. 이를 통해 정책의 실효성을 높이고자 한다.</p>
            <p>○ 관련 부서와의 협의가 진행되고 있다. 이를 통해 정책의 실효성을 높이고자 한다.</p>
            <p>▴ 관련 부서 협의 진행 ▴ 정책 실효성 확보</p>
          </section>

          <section>
            <div class="underline" style="font-size: 16px; font-weight: bold;">부동산 시장 안정화 방안</div>
            <p>□ 부동산 시장의 안정화를 위해 대전시는 다양한 조치를 취하고 있다. 이를 통해 시장의 변동성을 최소화하고자 한다.</p>
            <p>○ 부동산 시장 안정화를 위한 정책이 시행되고 있다. 이를 통해 시장의 안정성을 확보하고자 한다 